<?xml version="1.0" encoding="UTF-8"?>
<!-- Generated by org.testng.reporters.JUnitXMLReporter -->
<testsuite ignored="0" hostname="MAVBCP2622" failures="0" tests="4" name="Default test" time="13.084" errors="0" timestamp="2021-07-05T10:29:21 IST">
  <testcase classname="mav.org.Chrome" name="login" time="0.934"/>
  <testcase classname="mav.org.Chrome" name="hotel" time="4.645"/>
  <testcase classname="mav.org.Chrome" name="info" time="0.31"/>
  <testcase classname="mav.org.Chrome" name="payment" time="0.449"/>
</testsuite> <!-- Default test -->
