<?xml version="1.0" encoding="UTF-8"?>
<!-- Generated by org.testng.reporters.JUnitXMLReporter -->
<testsuite ignored="0" hostname="MAVBCP2622" failures="0" tests="8" name="Test" time="25.891" errors="0" timestamp="2021-07-05T13:43:47 IST">
  <testcase classname="mav.org.Chrome" name="login" time="1.424"/>
  <testcase classname="mav.org.FireFox" name="login" time="0.855"/>
  <testcase classname="mav.org.FireFox" name="hotel" time="2.749"/>
  <testcase classname="mav.org.FireFox" name="info" time="0.21"/>
  <testcase classname="mav.org.Chrome" name="hotel" time="5.473"/>
  <testcase classname="mav.org.Chrome" name="info" time="0.809"/>
  <testcase classname="mav.org.FireFox" name="payment" time="1.185"/>
  <testcase classname="mav.org.Chrome" name="payment" time="1.623"/>
</testsuite> <!-- Test -->
