<?xml version="1.0" encoding="UTF-8"?>
<testng-results ignored="0" total="8" passed="8" failed="0" skipped="0">
  <reporter-output>
  </reporter-output>
  <suite started-at="2021-07-05T13:43:21 IST" name="Suite" finished-at="2021-07-05T13:43:47 IST" duration-ms="25891">
    <groups>
    </groups>
    <test started-at="2021-07-05T13:43:21 IST" name="Test" finished-at="2021-07-05T13:43:47 IST" duration-ms="25891">
      <class name="mav.org.FireFox">
        <test-method is-config="true" signature="launchBrowser()[pri:0, instance:mav.org.FireFox@71238fc2]" started-at="2021-07-05T13:43:21 IST" name="launchBrowser" finished-at="2021-07-05T13:43:38 IST" duration-ms="16605" status="PASS">
          <reporter-output>
          </reporter-output>
        </test-method> <!-- launchBrowser -->
        <test-method signature="login()[pri:1, instance:mav.org.FireFox@71238fc2]" started-at="2021-07-05T13:43:38 IST" name="login" finished-at="2021-07-05T13:43:39 IST" duration-ms="855" status="PASS">
          <reporter-output>
          </reporter-output>
        </test-method> <!-- login -->
        <test-method signature="hotel()[pri:2, instance:mav.org.FireFox@71238fc2]" started-at="2021-07-05T13:43:39 IST" name="hotel" finished-at="2021-07-05T13:43:41 IST" duration-ms="2749" status="PASS">
          <reporter-output>
          </reporter-output>
        </test-method> <!-- hotel -->
        <test-method signature="info()[pri:3, instance:mav.org.FireFox@71238fc2]" started-at="2021-07-05T13:43:41 IST" name="info" finished-at="2021-07-05T13:43:42 IST" duration-ms="210" status="PASS">
          <reporter-output>
          </reporter-output>
        </test-method> <!-- info -->
        <test-method signature="payment()[pri:4, instance:mav.org.FireFox@71238fc2]" started-at="2021-07-05T13:43:42 IST" name="payment" finished-at="2021-07-05T13:43:43 IST" duration-ms="1185" status="PASS">
          <reporter-output>
          </reporter-output>
        </test-method> <!-- payment -->
        <test-method is-config="true" signature="end()[pri:0, instance:mav.org.FireFox@71238fc2]" started-at="2021-07-05T13:43:43 IST" name="end" finished-at="2021-07-05T13:43:46 IST" duration-ms="2958" status="PASS">
          <reporter-output>
          </reporter-output>
        </test-method> <!-- end -->
      </class> <!-- mav.org.FireFox -->
      <class name="mav.org.Chrome">
        <test-method is-config="true" signature="launchBrowser()[pri:0, instance:mav.org.Chrome@16610890]" started-at="2021-07-05T13:43:21 IST" name="launchBrowser" finished-at="2021-07-05T13:43:35 IST" duration-ms="13640" status="PASS">
          <reporter-output>
          </reporter-output>
        </test-method> <!-- launchBrowser -->
        <test-method signature="login()[pri:1, instance:mav.org.Chrome@16610890]" started-at="2021-07-05T13:43:35 IST" name="login" finished-at="2021-07-05T13:43:36 IST" duration-ms="1424" status="PASS">
          <reporter-output>
          </reporter-output>
        </test-method> <!-- login -->
        <test-method signature="hotel()[pri:2, instance:mav.org.Chrome@16610890]" started-at="2021-07-05T13:43:36 IST" name="hotel" finished-at="2021-07-05T13:43:42 IST" duration-ms="5473" status="PASS">
          <reporter-output>
          </reporter-output>
        </test-method> <!-- hotel -->
        <test-method signature="info()[pri:3, instance:mav.org.Chrome@16610890]" started-at="2021-07-05T13:43:42 IST" name="info" finished-at="2021-07-05T13:43:43 IST" duration-ms="809" status="PASS">
          <reporter-output>
          </reporter-output>
        </test-method> <!-- info -->
        <test-method signature="payment()[pri:4, instance:mav.org.Chrome@16610890]" started-at="2021-07-05T13:43:43 IST" name="payment" finished-at="2021-07-05T13:43:44 IST" duration-ms="1623" status="PASS">
          <reporter-output>
          </reporter-output>
        </test-method> <!-- payment -->
        <test-method is-config="true" signature="end()[pri:0, instance:mav.org.Chrome@16610890]" started-at="2021-07-05T13:43:44 IST" name="end" finished-at="2021-07-05T13:43:47 IST" duration-ms="2770" status="PASS">
          <reporter-output>
          </reporter-output>
        </test-method> <!-- end -->
      </class> <!-- mav.org.Chrome -->
    </test> <!-- Test -->
  </suite> <!-- Suite -->
</testng-results>
